<?xml version="1.0" encoding="UTF-8"?>
<testng-results skipped="0" failed="0" ignored="0" total="1" passed="1">
  <reporter-output>
  </reporter-output>
  <suite name="Default suite" duration-ms="24769" started-at="2020-12-10T11:45:58 IST" finished-at="2020-12-10T11:46:22 IST">
    <groups>
    </groups>
    <test name="Default test" duration-ms="24769" started-at="2020-12-10T11:45:58 IST" finished-at="2020-12-10T11:46:22 IST">
      <class name="com.Local.ehealthsytem.doctor.Settings.test.Settings">
        <test-method status="PASS" signature="beforeTest()[pri:0, instance:com.Local.ehealthsytem.doctor.Settings.test.Settings@1e6d1014]" name="beforeTest" is-config="true" duration-ms="22496" started-at="2020-12-10T11:45:58 IST" finished-at="2020-12-10T11:46:20 IST">
          <reporter-output>
          </reporter-output>
        </test-method> <!-- beforeTest -->
        <test-method status="PASS" signature="homepage()[pri:0, instance:com.Local.ehealthsytem.doctor.Settings.test.Settings@1e6d1014]" name="homepage" duration-ms="2150" started-at="2020-12-10T11:46:20 IST" finished-at="2020-12-10T11:46:22 IST">
          <reporter-output>
          </reporter-output>
        </test-method> <!-- homepage -->
        <test-method status="PASS" signature="afterTest()[pri:0, instance:com.Local.ehealthsytem.doctor.Settings.test.Settings@1e6d1014]" name="afterTest" is-config="true" duration-ms="77" started-at="2020-12-10T11:46:22 IST" finished-at="2020-12-10T11:46:22 IST">
          <reporter-output>
          </reporter-output>
        </test-method> <!-- afterTest -->
      </class> <!-- com.Local.ehealthsytem.doctor.Settings.test.Settings -->
    </test> <!-- Default test -->
  </suite> <!-- Default suite -->
</testng-results>
