<?xml version="1.0" encoding="UTF-8"?>
<testng-results skipped="0" failed="0" ignored="0" total="1" passed="1">
  <reporter-output>
  </reporter-output>
  <suite name="Default suite" duration-ms="27279" started-at="2020-12-09T18:47:41 IST" finished-at="2020-12-09T18:48:08 IST">
    <groups>
    </groups>
    <test name="Default test" duration-ms="27279" started-at="2020-12-09T18:47:41 IST" finished-at="2020-12-09T18:48:08 IST">
      <class name="com.ehealthSystem.user.Services.test.GovtSchemes">
        <test-method status="PASS" signature="aftertest()[pri:0, instance:com.ehealthSystem.user.Services.test.GovtSchemes@4f063c0a]" name="aftertest" is-config="true" duration-ms="27223" started-at="2020-12-09T18:47:41 IST" finished-at="2020-12-09T18:48:08 IST">
          <reporter-output>
          </reporter-output>
        </test-method> <!-- aftertest -->
        <test-method status="PASS" signature="Gov()[pri:0, instance:com.ehealthSystem.user.Services.test.GovtSchemes@4f063c0a]" name="Gov" duration-ms="11" started-at="2020-12-09T18:48:08 IST" finished-at="2020-12-09T18:48:08 IST">
          <reporter-output>
          </reporter-output>
        </test-method> <!-- Gov -->
      </class> <!-- com.ehealthSystem.user.Services.test.GovtSchemes -->
    </test> <!-- Default test -->
  </suite> <!-- Default suite -->
</testng-results>
